# JRE version: OpenJDK Runtime Environment (8.0_202-b03) (build 1.8.0_202-release-1483-b03)
# Java VM: OpenJDK 64-Bit Server VM (25.202-b03 mixed mode windows-amd64 compressed oops)
Heap:
 PSYoungGen      total 217088K, used 155539K [0x00000000e0000000, 0x00000000f0b80000, 0x0000000100000000)
  eden space 194560K, 68% used [0x00000000e0000000,0x00000000e81e79f0,0x00000000ebe00000)
  from space 22528K, 99% used [0x00000000ef580000,0x00000000f0b7d4a0,0x00000000f0b80000)
  to   space 28160K, 0% used [0x00000000ed480000,0x00000000ed480000,0x00000000ef000000)
 ParOldGen       total 108032K, used 53907K [0x00000000a0000000, 0x00000000a6980000, 0x00000000e0000000)
  object space 108032K, 49% used [0x00000000a0000000,0x00000000a34a4ec8,0x00000000a6980000)
 Metaspace       used 89047K, capacity 92934K, committed 93016K, reserved 1130496K
  class space    used 11813K, capacity 12563K, committed 12632K, reserved 1048576K
GC Heap History (10 events):
Event: 26.686 GC heap before
{Heap before GC invocations=17 (full 3):
 PSYoungGen      total 180224K, used 6684K [0x00000000e0000000, 0x00000000ec100000, 0x0000000100000000)
  eden space 163840K, 0% used [0x00000000e0000000,0x00000000e0000000,0x00000000ea000000)
  from space 16384K, 40% used [0x00000000eaf80000,0x00000000eb6073b0,0x00000000ebf80000)
  to   space 15872K, 0% used [0x00000000ea000000,0x00000000ea000000,0x00000000eaf80000)
 ParOldGen       total 72704K, used 28302K [0x00000000a0000000, 0x00000000a4700000, 0x00000000e0000000)
  object space 72704K, 38% used [0x00000000a0000000,0x00000000a1ba3b00,0x00000000a4700000)
 Metaspace       used 57405K, capacity 58964K, committed 59028K, reserved 1099776K
  class space    used 7742K, capacity 8125K, committed 8152K, reserved 1048576K
Event: 27.040 GC heap after
Heap after GC invocations=17 (full 3):
 PSYoungGen      total 180224K, used 0K [0x00000000e0000000, 0x00000000ec100000, 0x0000000100000000)
  eden space 163840K, 0% used [0x00000000e0000000,0x00000000e0000000,0x00000000ea000000)
  from space 16384K, 0% used [0x00000000eaf80000,0x00000000eaf80000,0x00000000ebf80000)
  to   space 15872K, 0% used [0x00000000ea000000,0x00000000ea000000,0x00000000eaf80000)
 ParOldGen       total 108032K, used 32018K [0x00000000a0000000, 0x00000000a6980000, 0x00000000e0000000)
  object space 108032K, 29% used [0x00000000a0000000,0x00000000a1f44988,0x00000000a6980000)
 Metaspace       used 57405K, capacity 58964K, committed 59028K, reserved 1099776K
  class space    used 7742K, capacity 8125K, committed 8152K, reserved 1048576K
}
Event: 544.241 GC heap before
{Heap before GC invocations=18 (full 3):
 PSYoungGen      total 180224K, used 163840K [0x00000000e0000000, 0x00000000ec100000, 0x0000000100000000)
  eden space 163840K, 100% used [0x00000000e0000000,0x00000000ea000000,0x00000000ea000000)
  from space 16384K, 0% used [0x00000000eaf80000,0x00000000eaf80000,0x00000000ebf80000)
  to   space 15872K, 0% used [0x00000000ea000000,0x00000000ea000000,0x00000000eaf80000)
 ParOldGen       total 108032K, used 32018K [0x00000000a0000000, 0x00000000a6980000, 0x00000000e0000000)
  object space 108032K, 29% used [0x00000000a0000000,0x00000000a1f44988,0x00000000a6980000)
 Metaspace       used 65010K, capacity 67282K, committed 67416K, reserved 1107968K
  class space    used 8533K, capacity 9009K, committed 9048K, reserved 1048576K
Event: 544.292 GC heap after
Heap after GC invocations=18 (full 3):
 PSYoungGen      total 179712K, used 14518K [0x00000000e0000000, 0x00000000eea80000, 0x0000000100000000)
  eden space 163840K, 0% used [0x00000000e0000000,0x00000000e0000000,0x00000000ea000000)
  from space 15872K, 91% used [0x00000000ea000000,0x00000000eae2dbe0,0x00000000eaf80000)
  to   space 17408K, 0% used [0x00000000ed980000,0x00000000ed980000,0x00000000eea80000)
 ParOldGen       total 108032K, used 32026K [0x00000000a0000000, 0x00000000a6980000, 0x00000000e0000000)
  object space 108032K, 29% used [0x00000000a0000000,0x00000000a1f46988,0x00000000a6980000)
 Metaspace       used 65010K, capacity 67282K, committed 67416K, reserved 1107968K
  class space    used 8533K, capacity 9009K, committed 9048K, reserved 1048576K
}
Event: 550.617 GC heap before
{Heap before GC invocations=19 (full 3):
 PSYoungGen      total 179712K, used 178358K [0x00000000e0000000, 0x00000000eea80000, 0x0000000100000000)
  eden space 163840K, 100% used [0x00000000e0000000,0x00000000ea000000,0x00000000ea000000)
  from space 15872K, 91% used [0x00000000ea000000,0x00000000eae2dbe0,0x00000000eaf80000)
  to   space 17408K, 0% used [0x00000000ed980000,0x00000000ed980000,0x00000000eea80000)
 ParOldGen       total 108032K, used 32026K [0x00000000a0000000, 0x00000000a6980000, 0x00000000e0000000)
  object space 108032K, 29% used [0x00000000a0000000,0x00000000a1f46988,0x00000000a6980000)
 Metaspace       used 68117K, capacity 70650K, committed 71000K, reserved 1110016K
  class space    used 8891K, capacity 9435K, committed 9560K, reserved 1048576K
Event: 550.651 GC heap after
Heap after GC invocations=19 (full 3):
 PSYoungGen      total 219136K, used 17377K [0x00000000e0000000, 0x00000000eec00000, 0x0000000100000000)
  eden space 201728K, 0% used [0x00000000e0000000,0x00000000e0000000,0x00000000ec500000)
  from space 17408K, 99% used [0x00000000ed980000,0x00000000eea78668,0x00000000eea80000)
  to   space 19968K, 0% used [0x00000000ec500000,0x00000000ec500000,0x00000000ed880000)
 ParOldGen       total 108032K, used 32474K [0x00000000a0000000, 0x00000000a6980000, 0x00000000e0000000)
  object space 108032K, 30% used [0x00000000a0000000,0x00000000a1fb6ad0,0x00000000a6980000)
 Metaspace       used 68117K, capacity 70650K, committed 71000K, reserved 1110016K
  class space    used 8891K, capacity 9435K, committed 9560K, reserved 1048576K
}
Event: 590.366 GC heap before
{Heap before GC invocations=20 (full 3):
 PSYoungGen      total 219136K, used 219105K [0x00000000e0000000, 0x00000000eec00000, 0x0000000100000000)
  eden space 201728K, 100% used [0x00000000e0000000,0x00000000ec500000,0x00000000ec500000)
  from space 17408K, 99% used [0x00000000ed980000,0x00000000eea78668,0x00000000eea80000)
  to   space 19968K, 0% used [0x00000000ec500000,0x00000000ec500000,0x00000000ed880000)
 ParOldGen       total 108032K, used 32474K [0x00000000a0000000, 0x00000000a6980000, 0x00000000e0000000)
  object space 108032K, 30% used [0x00000000a0000000,0x00000000a1fb6ad0,0x00000000a6980000)
 Metaspace       used 80059K, capacity 82950K, committed 83160K, reserved 1122304K
  class space    used 10494K, capacity 11115K, committed 11224K, reserved 1048576K
Event: 590.456 GC heap after
Heap after GC invocations=20 (full 3):
 PSYoungGen      total 221696K, used 18218K [0x00000000e0000000, 0x00000000f0b80000, 0x0000000100000000)
  eden space 201728K, 0% used [0x00000000e0000000,0x00000000e0000000,0x00000000ec500000)
  from space 19968K, 91% used [0x00000000ec500000,0x00000000ed6cabc0,0x00000000ed880000)
  to   space 22528K, 0% used [0x00000000ef580000,0x00000000ef580000,0x00000000f0b80000)
 ParOldGen       total 108032K, used 47099K [0x00000000a0000000, 0x00000000a6980000, 0x00000000e0000000)
  object space 108032K, 43% used [0x00000000a0000000,0x00000000a2dfee90,0x00000000a6980000)
 Metaspace       used 80059K, capacity 82950K, committed 83160K, reserved 1122304K
  class space    used 10494K, capacity 11115K, committed 11224K, reserved 1048576K
}
Event: 712.513 GC heap before
{Heap before GC invocations=21 (full 3):
 PSYoungGen      total 221696K, used 219826K [0x00000000e0000000, 0x00000000f0b80000, 0x0000000100000000)
  eden space 201728K, 99% used [0x00000000e0000000,0x00000000ec4e2038,0x00000000ec500000)
  from space 19968K, 91% used [0x00000000ec500000,0x00000000ed6cabc0,0x00000000ed880000)
  to   space 22528K, 0% used [0x00000000ef580000,0x00000000ef580000,0x00000000f0b80000)
 ParOldGen       total 108032K, used 47099K [0x00000000a0000000, 0x00000000a6980000, 0x00000000e0000000)
  object space 108032K, 43% used [0x00000000a0000000,0x00000000a2dfee90,0x00000000a6980000)
 Metaspace       used 88624K, capacity 92396K, committed 92504K, reserved 1128448K
  class space    used 11799K, capacity 12538K, committed 12632K, reserved 1048576K
Event: 712.586 GC heap after
Heap after GC invocations=21 (full 3):
 PSYoungGen      total 217088K, used 22517K [0x00000000e0000000, 0x00000000f0b80000, 0x0000000100000000)
  eden space 194560K, 0% used [0x00000000e0000000,0x00000000e0000000,0x00000000ebe00000)
  from space 22528K, 99% used [0x00000000ef580000,0x00000000f0b7d4a0,0x00000000f0b80000)
  to   space 28160K, 0% used [0x00000000ed480000,0x00000000ed480000,0x00000000ef000000)
 ParOldGen       total 108032K, used 53907K [0x00000000a0000000, 0x00000000a6980000, 0x00000000e0000000)
  object space 108032K, 49% used [0x00000000a0000000,0x00000000a34a4ec8,0x00000000a6980000)
 Metaspace       used 88624K, capacity 92396K, committed 92504K, reserved 1128448K
  class space    used 11799K, capacity 12538K, committed 12632K, reserved 1048576K
}

