# JRE version: OpenJDK Runtime Environment (8.0_202-b03) (build 1.8.0_202-release-1483-b03)
# Java VM: OpenJDK 64-Bit Server VM (25.202-b03 mixed mode windows-amd64 compressed oops)
Heap:
 PSYoungGen      total 152576K, used 135486K [0x00000000e0000000, 0x00000000eb080000, 0x0000000100000000)
  eden space 143360K, 88% used [0x00000000e0000000,0x00000000e7b66888,0x00000000e8c00000)
  from space 9216K, 99% used [0x00000000ea780000,0x00000000eb069118,0x00000000eb080000)
  to   space 14336K, 0% used [0x00000000e9480000,0x00000000e9480000,0x00000000ea280000)
 ParOldGen       total 126464K, used 29244K [0x00000000a0000000, 0x00000000a7b80000, 0x00000000e0000000)
  object space 126464K, 23% used [0x00000000a0000000,0x00000000a1c8f0a8,0x00000000a7b80000)
 Metaspace       used 66839K, capacity 69242K, committed 69464K, reserved 1110016K
  class space    used 8725K, capacity 9225K, committed 9304K, reserved 1048576K
GC Heap History (10 events):
Event: 25.372 GC heap before
{Heap before GC invocations=15 (full 2):
 PSYoungGen      total 99840K, used 99808K [0x00000000e0000000, 0x00000000e7200000, 0x0000000100000000)
  eden space 89600K, 100% used [0x00000000e0000000,0x00000000e5780000,0x00000000e5780000)
  from space 10240K, 99% used [0x00000000e6800000,0x00000000e71f8030,0x00000000e7200000)
  to   space 11776K, 0% used [0x00000000e5b00000,0x00000000e5b00000,0x00000000e6680000)
 ParOldGen       total 88576K, used 17293K [0x00000000a0000000, 0x00000000a5680000, 0x00000000e0000000)
  object space 88576K, 19% used [0x00000000a0000000,0x00000000a10e3588,0x00000000a5680000)
 Metaspace       used 49342K, capacity 50610K, committed 50776K, reserved 1093632K
  class space    used 6644K, capacity 6954K, committed 7000K, reserved 1048576K
Event: 25.394 GC heap after
Heap after GC invocations=15 (full 2):
 PSYoungGen      total 104960K, used 10740K [0x00000000e0000000, 0x00000000e8b00000, 0x0000000100000000)
  eden space 93184K, 0% used [0x00000000e0000000,0x00000000e0000000,0x00000000e5b00000)
  from space 11776K, 91% used [0x00000000e5b00000,0x00000000e657d3f0,0x00000000e6680000)
  to   space 12800K, 0% used [0x00000000e7e80000,0x00000000e7e80000,0x00000000e8b00000)
 ParOldGen       total 88576K, used 21352K [0x00000000a0000000, 0x00000000a5680000, 0x00000000e0000000)
  object space 88576K, 24% used [0x00000000a0000000,0x00000000a14da350,0x00000000a5680000)
 Metaspace       used 49342K, capacity 50610K, committed 50776K, reserved 1093632K
  class space    used 6644K, capacity 6954K, committed 7000K, reserved 1048576K
}
Event: 27.053 GC heap before
{Heap before GC invocations=16 (full 2):
 PSYoungGen      total 104960K, used 103924K [0x00000000e0000000, 0x00000000e8b00000, 0x0000000100000000)
  eden space 93184K, 100% used [0x00000000e0000000,0x00000000e5b00000,0x00000000e5b00000)
  from space 11776K, 91% used [0x00000000e5b00000,0x00000000e657d3f0,0x00000000e6680000)
  to   space 12800K, 0% used [0x00000000e7e80000,0x00000000e7e80000,0x00000000e8b00000)
 ParOldGen       total 88576K, used 21352K [0x00000000a0000000, 0x00000000a5680000, 0x00000000e0000000)
  object space 88576K, 24% used [0x00000000a0000000,0x00000000a14da350,0x00000000a5680000)
 Metaspace       used 56516K, capacity 58072K, committed 58200K, reserved 1099776K
  class space    used 7578K, capacity 7951K, committed 8024K, reserved 1048576K
Event: 27.096 GC heap after
Heap after GC invocations=16 (full 2):
 PSYoungGen      total 128512K, used 10634K [0x00000000e0000000, 0x00000000e9380000, 0x0000000100000000)
  eden space 115712K, 0% used [0x00000000e0000000,0x00000000e0000000,0x00000000e7100000)
  from space 12800K, 83% used [0x00000000e7e80000,0x00000000e88e2b10,0x00000000e8b00000)
  to   space 13824K, 0% used [0x00000000e7100000,0x00000000e7100000,0x00000000e7e80000)
 ParOldGen       total 88576K, used 26334K [0x00000000a0000000, 0x00000000a5680000, 0x00000000e0000000)
  object space 88576K, 29% used [0x00000000a0000000,0x00000000a19b7bd0,0x00000000a5680000)
 Metaspace       used 56516K, capacity 58072K, committed 58200K, reserved 1099776K
  class space    used 7578K, capacity 7951K, committed 8024K, reserved 1048576K
}
Event: 27.301 GC heap before
{Heap before GC invocations=17 (full 2):
 PSYoungGen      total 128512K, used 24208K [0x00000000e0000000, 0x00000000e9380000, 0x0000000100000000)
  eden space 115712K, 11% used [0x00000000e0000000,0x00000000e0d41820,0x00000000e7100000)
  from space 12800K, 83% used [0x00000000e7e80000,0x00000000e88e2b10,0x00000000e8b00000)
  to   space 13824K, 0% used [0x00000000e7100000,0x00000000e7100000,0x00000000e7e80000)
 ParOldGen       total 88576K, used 26334K [0x00000000a0000000, 0x00000000a5680000, 0x00000000e0000000)
  object space 88576K, 29% used [0x00000000a0000000,0x00000000a19b7bd0,0x00000000a5680000)
 Metaspace       used 57349K, capacity 58918K, committed 59028K, reserved 1099776K
  class space    used 7740K, capacity 8092K, committed 8152K, reserved 1048576K
Event: 27.310 GC heap after
Heap after GC invocations=17 (full 2):
 PSYoungGen      total 129536K, used 992K [0x00000000e0000000, 0x00000000eb580000, 0x0000000100000000)
  eden space 115712K, 0% used [0x00000000e0000000,0x00000000e0000000,0x00000000e7100000)
  from space 13824K, 7% used [0x00000000e7100000,0x00000000e71f8000,0x00000000e7e80000)
  to   space 14336K, 0% used [0x00000000ea780000,0x00000000ea780000,0x00000000eb580000)
 ParOldGen       total 88576K, used 30993K [0x00000000a0000000, 0x00000000a5680000, 0x00000000e0000000)
  object space 88576K, 34% used [0x00000000a0000000,0x00000000a1e445c0,0x00000000a5680000)
 Metaspace       used 57349K, capacity 58918K, committed 59028K, reserved 1099776K
  class space    used 7740K, capacity 8092K, committed 8152K, reserved 1048576K
}
Event: 27.310 GC heap before
{Heap before GC invocations=18 (full 3):
 PSYoungGen      total 129536K, used 992K [0x00000000e0000000, 0x00000000eb580000, 0x0000000100000000)
  eden space 115712K, 0% used [0x00000000e0000000,0x00000000e0000000,0x00000000e7100000)
  from space 13824K, 7% used [0x00000000e7100000,0x00000000e71f8000,0x00000000e7e80000)
  to   space 14336K, 0% used [0x00000000ea780000,0x00000000ea780000,0x00000000eb580000)
 ParOldGen       total 88576K, used 30993K [0x00000000a0000000, 0x00000000a5680000, 0x00000000e0000000)
  object space 88576K, 34% used [0x00000000a0000000,0x00000000a1e445c0,0x00000000a5680000)
 Metaspace       used 57349K, capacity 58918K, committed 59028K, reserved 1099776K
  class space    used 7740K, capacity 8092K, committed 8152K, reserved 1048576K
Event: 27.631 GC heap after
Heap after GC invocations=18 (full 3):
 PSYoungGen      total 129536K, used 0K [0x00000000e0000000, 0x00000000eb580000, 0x0000000100000000)
  eden space 115712K, 0% used [0x00000000e0000000,0x00000000e0000000,0x00000000e7100000)
  from space 13824K, 0% used [0x00000000e7100000,0x00000000e7100000,0x00000000e7e80000)
  to   space 14336K, 0% used [0x00000000ea780000,0x00000000ea780000,0x00000000eb580000)
 ParOldGen       total 126464K, used 29236K [0x00000000a0000000, 0x00000000a7b80000, 0x00000000e0000000)
  object space 126464K, 23% used [0x00000000a0000000,0x00000000a1c8d0a8,0x00000000a7b80000)
 Metaspace       used 57349K, capacity 58918K, committed 59028K, reserved 1099776K
  class space    used 7740K, capacity 8092K, committed 8152K, reserved 1048576K
}
Event: 1261.251 GC heap before
{Heap before GC invocations=19 (full 3):
 PSYoungGen      total 129536K, used 115712K [0x00000000e0000000, 0x00000000eb580000, 0x0000000100000000)
  eden space 115712K, 100% used [0x00000000e0000000,0x00000000e7100000,0x00000000e7100000)
  from space 13824K, 0% used [0x00000000e7100000,0x00000000e7100000,0x00000000e7e80000)
  to   space 14336K, 0% used [0x00000000ea780000,0x00000000ea780000,0x00000000eb580000)
 ParOldGen       total 126464K, used 29236K [0x00000000a0000000, 0x00000000a7b80000, 0x00000000e0000000)
  object space 126464K, 23% used [0x00000000a0000000,0x00000000a1c8d0a8,0x00000000a7b80000)
 Metaspace       used 63585K, capacity 65602K, committed 65624K, reserved 1105920K
  class space    used 8360K, capacity 8773K, committed 8792K, reserved 1048576K
Event: 1261.269 GC heap after
Heap after GC invocations=19 (full 3):
 PSYoungGen      total 152576K, used 9124K [0x00000000e0000000, 0x00000000eb080000, 0x0000000100000000)
  eden space 143360K, 0% used [0x00000000e0000000,0x00000000e0000000,0x00000000e8c00000)
  from space 9216K, 99% used [0x00000000ea780000,0x00000000eb069118,0x00000000eb080000)
  to   space 14336K, 0% used [0x00000000e9480000,0x00000000e9480000,0x00000000ea280000)
 ParOldGen       total 126464K, used 29244K [0x00000000a0000000, 0x00000000a7b80000, 0x00000000e0000000)
  object space 126464K, 23% used [0x00000000a0000000,0x00000000a1c8f0a8,0x00000000a7b80000)
 Metaspace       used 63585K, capacity 65602K, committed 65624K, reserved 1105920K
  class space    used 8360K, capacity 8773K, committed 8792K, reserved 1048576K
}

